<?xml version="1.0" encoding="UTF-8"?>
<testsuite name="org.openmrs.api.PersonServiceTest" time="1.025" tests="143" errors="0" skipped="0" failures="0">
  <properties>
    <property name="java.runtime.name" value="OpenJDK Runtime Environment"/>
    <property name="sun.boot.library.path" value="/usr/lib/jvm/java-1.8.0-openjdk-1.8.0.151-1.b12.el7_4.x86_64/jre/lib/amd64"/>
    <property name="java.vm.version" value="25.151-b12"/>
    <property name="java.vm.vendor" value="Oracle Corporation"/>
    <property name="java.vendor.url" value="http://java.oracle.com/"/>
    <property name="path.separator" value=":"/>
    <property name="guice.disable.misplaced.annotation.check" value="true"/>
    <property name="java.vm.name" value="OpenJDK 64-Bit Server VM"/>
    <property name="file.encoding.pkg" value="sun.io"/>
    <property name="user.country" value="US"/>
    <property name="sun.java.launcher" value="SUN_STANDARD"/>
    <property name="sun.os.patch.level" value="unknown"/>
    <property name="STARTS_EXCLUDES" value="[]"/>
    <property name="java.vm.specification.name" value="Java Virtual Machine Specification"/>
    <property name="user.dir" value="/home/hanfeil2/multi-project/openmrs-core"/>
    <property name="java.runtime.version" value="1.8.0_151-b12"/>
    <property name="java.awt.graphicsenv" value="sun.awt.X11GraphicsEnvironment"/>
    <property name="java.endorsed.dirs" value="/usr/lib/jvm/java-1.8.0-openjdk-1.8.0.151-1.b12.el7_4.x86_64/jre/lib/endorsed"/>
    <property name="os.arch" value="amd64"/>
    <property name="java.io.tmpdir" value="/tmp"/>
    <property name="line.separator" value="&#10;"/>
    <property name="java.vm.specification.vendor" value="Oracle Corporation"/>
    <property name="STARTS1098696485" value="STARTS-invoked"/>
    <property name="os.name" value="Linux"/>
    <property name="edu.illinois.starts.maven.AgentLoader Initialized" value=""/>
    <property name="classworlds.conf" value="/usr/share/maven/bin/m2.conf"/>
    <property name="sun.jnu.encoding" value="UTF-8"/>
    <property name="java.library.path" value="/usr/java/packages/lib/amd64:/usr/lib64:/lib64:/lib:/usr/lib"/>
    <property name="java.specification.name" value="Java Platform API Specification"/>
    <property name="java.class.version" value="52.0"/>
    <property name="sun.management.compiler" value="HotSpot 64-Bit Tiered Compilers"/>
    <property name="os.version" value="3.10.0-693.5.2.el7.x86_64"/>
    <property name="user.home" value="/home/hanfeil2"/>
    <property name="user.timezone" value="America/Chicago"/>
    <property name="java.awt.printerjob" value="sun.print.PSPrinterJob"/>
    <property name="java.specification.version" value="1.8"/>
    <property name="file.encoding" value="UTF-8"/>
    <property name="STARTS1331946439" value="STARTS-invoked"/>
    <property name="user.name" value="hanfeil2"/>
    <property name="java.class.path" value="/usr/share/maven/boot/plexus-classworlds.jar"/>
    <property name="java.vm.specification.version" value="1.8"/>
    <property name="sun.arch.data.model" value="64"/>
    <property name="java.home" value="/usr/lib/jvm/java-1.8.0-openjdk-1.8.0.151-1.b12.el7_4.x86_64/jre"/>
    <property name="sun.java.command" value="org.codehaus.plexus.classworlds.launcher.Launcher starts:starts -DstartsLogging=FINEST"/>
    <property name="java.specification.vendor" value="Oracle Corporation"/>
    <property name="user.language" value="en"/>
    <property name="awt.toolkit" value="sun.awt.X11.XToolkit"/>
    <property name="java.vm.info" value="mixed mode"/>
    <property name="java.version" value="1.8.0_151"/>
    <property name="java.ext.dirs" value="/usr/lib/jvm/java-1.8.0-openjdk-1.8.0.151-1.b12.el7_4.x86_64/jre/lib/ext:/usr/java/packages/lib/ext"/>
    <property name="sun.boot.class.path" value="/usr/lib/jvm/java-1.8.0-openjdk-1.8.0.151-1.b12.el7_4.x86_64/jre/lib/resources.jar:/usr/lib/jvm/java-1.8.0-openjdk-1.8.0.151-1.b12.el7_4.x86_64/jre/lib/rt.jar:/usr/lib/jvm/java-1.8.0-openjdk-1.8.0.151-1.b12.el7_4.x86_64/jre/lib/sunrsasign.jar:/usr/lib/jvm/java-1.8.0-openjdk-1.8.0.151-1.b12.el7_4.x86_64/jre/lib/jsse.jar:/usr/lib/jvm/java-1.8.0-openjdk-1.8.0.151-1.b12.el7_4.x86_64/jre/lib/jce.jar:/usr/lib/jvm/java-1.8.0-openjdk-1.8.0.151-1.b12.el7_4.x86_64/jre/lib/charsets.jar:/usr/lib/jvm/java-1.8.0-openjdk-1.8.0.151-1.b12.el7_4.x86_64/jre/lib/jfr.jar:/usr/lib/jvm/java-1.8.0-openjdk-1.8.0.151-1.b12.el7_4.x86_64/jre/classes"/>
    <property name="java.vendor" value="Oracle Corporation"/>
    <property name="maven.home" value="/usr/share/maven"/>
    <property name="file.separator" value="/"/>
    <property name="java.vendor.url.bug" value="http://bugreport.sun.com/bugreport/"/>
    <property name="sun.cpu.endian" value="little"/>
    <property name="sun.io.unicode.encoding" value="UnicodeLittle"/>
    <property name="[PROFILE] END-OF-RUN-MOJO: " value="1511713344662"/>
    <property name="sun.cpu.isalist" value=""/>
    <property name="startsLogging" value="FINEST"/>
  </properties>
  <testcase name="getPersonAttributeTypes_shouldReturnEmptyListWhenViewTypePatientAndViewing" classname="org.openmrs.api.PersonServiceTest" time="0"/>
  <testcase name="purgePersonAttributeType_shouldThrowAnErrorWhileTryingToDeletePersonAttributeTypeWhenPersonAttributeTypesAreLocked" classname="org.openmrs.api.PersonServiceTest" time="0"/>
  <testcase name="getSimilarPeople_shouldMatchThreeWordSearchToAnyNamePart" classname="org.openmrs.api.PersonServiceTest" time="0.037"/>
  <testcase name="getPersonNameById_shouldFindObjectGivenValidId" classname="org.openmrs.api.PersonServiceTest" time="0"/>
  <testcase name="unvoidPerson_shouldUnvoidTheGivenPerson" classname="org.openmrs.api.PersonServiceTest" time="0.033"/>
  <testcase name="parsePersonName_shouldNotFailWhenEndingWithAComma" classname="org.openmrs.api.PersonServiceTest" time="0"/>
  <testcase name="getPersonByUuid_shouldReturnNullIfNoObjectFoundWithGivenUuid" classname="org.openmrs.api.PersonServiceTest" time="0.015"/>
  <testcase name="saveRelationshipType_shouldCreateNewObjectWhenRelationshipTypeIdIsNull" classname="org.openmrs.api.PersonServiceTest" time="0"/>
  <testcase name="shouldUnretirePersonAttributeType" classname="org.openmrs.api.PersonServiceTest" time="0.013"/>
  <testcase name="retireRelationshipType_shouldFailIfGivenReasonIsEmptyString" classname="org.openmrs.api.PersonServiceTest" time="0"/>
  <testcase name="parsePersonName_shouldNotFailWhenEndingWithWhitespace" classname="org.openmrs.api.PersonServiceTest" time="0.005"/>
  <testcase name="voidPersonAddress_shouldVoidPersonAddressWithTheGivenReason" classname="org.openmrs.api.PersonServiceTest" time="0.025"/>
  <testcase name="getPersonNameById_shouldNotFindAnyObjectGivenInvalidId" classname="org.openmrs.api.PersonServiceTest" time="0"/>
  <testcase name="savePersonMergeLog_shouldSetCreatorIfNull" classname="org.openmrs.api.PersonServiceTest" time="0"/>
  <testcase name="getPersonAttributeTypeByUuid_shouldFindObjectGivenValidUuid" classname="org.openmrs.api.PersonServiceTest" time="0"/>
  <testcase name="getSimilarPeople_shouldMatchTwoWordSearchToAnyNamePart" classname="org.openmrs.api.PersonServiceTest" time="0.037"/>
  <testcase name="savePerson_shouldSetThePreferredNameAndAddressIfNoneIsSpecified" classname="org.openmrs.api.PersonServiceTest" time="0.003"/>
  <testcase name="getRelationships3_shouldFetchRelationshipsMatchingTheGivenRelType" classname="org.openmrs.api.PersonServiceTest" time="0"/>
  <testcase name="unvoidPerson_shouldUnvoidPatient" classname="org.openmrs.api.PersonServiceTest" time="0.034"/>
  <testcase name="getAllRelationships_shouldReturnAllRelationshipExcludingVoidedWhenIncludeVoidedEqualsFalse" classname="org.openmrs.api.PersonServiceTest" time="0.011"/>
  <testcase name="getRelationships2_shouldFetchRelationshipsMatchingTheGivenRelType" classname="org.openmrs.api.PersonServiceTest" time="0"/>
  <testcase name="getAllRelationshipTypes_shouldReturnAllRelationshipTypes" classname="org.openmrs.api.PersonServiceTest" time="0.011"/>
  <testcase name="getPersonAttributeTypes_shouldReturnListWithNullWhenGlobalPropertyNotExists" classname="org.openmrs.api.PersonServiceTest" time="0.011"/>
  <testcase name="shouldFailToRetirePersonAttributeTypeIfGivenReasonIsNull" classname="org.openmrs.api.PersonServiceTest" time="0"/>
  <testcase name="voidRelationship_shouldVoidRelationshipWithVoidReasonNullIfGivenRelationshipIsNotVoided" classname="org.openmrs.api.PersonServiceTest" time="0"/>
  <testcase name="getPersonAttributeByUuid_shouldFindObjectGivenValidUuid" classname="org.openmrs.api.PersonServiceTest" time="0.011"/>
  <testcase name="getRelationshipTypes_shouldReturnEmptyListWhenNoPreferredRelationshipTypeMatchTheGivenName" classname="org.openmrs.api.PersonServiceTest" time="0"/>
  <testcase name="getPersonAttributeByUuid_shouldReturnNullIfNoObjectFoundWithGivenUuid" classname="org.openmrs.api.PersonServiceTest" time="0"/>
  <testcase name="savePerson_shouldUpdateExistingObjectWhenPersonIdIsNotNull" classname="org.openmrs.api.PersonServiceTest" time="0.011"/>
  <testcase name="getPersonAddressByUuid_shouldReturnNullIfNoObjectFoundWithGivenUuid" classname="org.openmrs.api.PersonServiceTest" time="0"/>
  <testcase name="purgePersonAttributeType_shouldDeletePersonAttributeTypeFromDatabase" classname="org.openmrs.api.PersonServiceTest" time="0"/>
  <testcase name="savePersonAttributeType_shouldThrowAnErrorWhenTryingToSavePersonAttributeTypeWhilePersonAttributeTypesAreLocked" classname="org.openmrs.api.PersonServiceTest" time="0.011"/>
  <testcase name="unvoidPerson_shouldReturnNullwhenGivenNull" classname="org.openmrs.api.PersonServiceTest" time="0"/>
  <testcase name="getPersonAttributeTypes_shouldReturnAllPersonAttributeTypesWithViewTypeNull" classname="org.openmrs.api.PersonServiceTest" time="0.011"/>
  <testcase name="getRelationships3_shouldFetchRelationshipsThatWereActiveDuringTheSpecifiedDateRange" classname="org.openmrs.api.PersonServiceTest" time="0.025"/>
  <testcase name="getPersonMergeLogByUuid_shouldRequireUuid" classname="org.openmrs.api.PersonServiceTest" time="0"/>
  <testcase name="getRelationshipType_shouldReturnRelationshipTypeWithTheGivenRelationshipTypeId" classname="org.openmrs.api.PersonServiceTest" time="0"/>
  <testcase name="purgePerson_shouldDeletePersonFromTheDatabase" classname="org.openmrs.api.PersonServiceTest" time="0.011"/>
  <testcase name="getPersonAttributeTypes_shouldReturnPatientAttributesWhenGivenViewTypeListing" classname="org.openmrs.api.PersonServiceTest" time="0"/>
  <testcase name="voidPerson_shouldVoidPatient" classname="org.openmrs.api.PersonServiceTest" time="0.018"/>
  <testcase name="savePersonMergeLog_shouldRequireWinner" classname="org.openmrs.api.PersonServiceTest" time="0"/>
  <testcase name="saveRelationship_shouldThrowAPIException" classname="org.openmrs.api.PersonServiceTest" time="0"/>
  <testcase name="getPeople_shouldMatchSearchToFamilyName2" classname="org.openmrs.api.PersonServiceTest" time="0.068"/>
  <testcase name="getSimilarPeople_shouldAcceptGreaterThanThreeNames" classname="org.openmrs.api.PersonServiceTest" time="0.032"/>
  <testcase name="getPersonAttributeTypeByUuid_shouldReturnNullIfNoObjectFoundWithGivenUuid" classname="org.openmrs.api.PersonServiceTest" time="0"/>
  <testcase name="getRelationshipByUuid_shouldReturnNullIfNoObjectFoundWithGivenUuid" classname="org.openmrs.api.PersonServiceTest" time="0"/>
  <testcase name="getRelationshipTypeByName_shouldReturnNullWhenNoRelationshipTypeMatchTheGivenName" classname="org.openmrs.api.PersonServiceTest" time="0.011"/>
  <testcase name="getRelationshipTypeByUuid_shouldFindObjectGivenValidUuid" classname="org.openmrs.api.PersonServiceTest" time="0"/>
  <testcase name="retireRelationshipType_shouldRetireGivenRelationshipType" classname="org.openmrs.api.PersonServiceTest" time="0"/>
  <testcase name="getAllRelationships_shouldReturnAllRelationshipIncludingVoidedWhenIncludeVoidedEqualsTrue" classname="org.openmrs.api.PersonServiceTest" time="0.011"/>
  <testcase name="getPersonAttributeTypeByName_shouldReturnNullWhenNoPersonAttributeTypeMatchGivenTypeName" classname="org.openmrs.api.PersonServiceTest" time="0"/>
  <testcase name="parsePersonName_shouldParseTwoPersonNameWithoutComma" classname="org.openmrs.api.PersonServiceTest" time="0.004"/>
  <testcase name="getPersonAttributeTypes_shouldReturnPersonAttributeTypesMatchingGivenParameters" classname="org.openmrs.api.PersonServiceTest" time="0.011"/>
  <testcase name="getRelationshipsByPerson_shouldFetchUnvoidedRelationshipsOnly" classname="org.openmrs.api.PersonServiceTest" time="0.011"/>
  <testcase name="getRelationshipsByPerson2_shouldFetchUnvoidedRelationshipsOnly" classname="org.openmrs.api.PersonServiceTest" time="0.011"/>
  <testcase name="getRelationshipMap_shouldReturnEmptyMapWhenNoRelationshipHasTheMatchingRelationshipType" classname="org.openmrs.api.PersonServiceTest" time="0"/>
  <testcase name="savePersonMergeLog_shouldRequireLoser" classname="org.openmrs.api.PersonServiceTest" time="0"/>
  <testcase name="getPersonAttributeTypes_shouldReturnEmptyListWhenNoPersonAttributeTypesMatchGivenParameters" classname="org.openmrs.api.PersonServiceTest" time="0"/>
  <testcase name="getAllPersonAttributeTypes_shouldReturnAllPersonAttributeTypesExcludingRetiredWhenIncludeRetiredIsFalse" classname="org.openmrs.api.PersonServiceTest" time="0.011"/>
  <testcase name="getRelationshipsByPerson2_shouldFetchRelationshipsAssociatedWithTheGivenPerson" classname="org.openmrs.api.PersonServiceTest" time="0"/>
  <testcase name="getRelationships3_shouldFetchRelationshipsMatchingTheGivenToPerson" classname="org.openmrs.api.PersonServiceTest" time="0"/>
  <testcase name="getAllPersonMergeLogs_shouldRetrieveAllPersonMergeLogsAndDeserializeThem" classname="org.openmrs.api.PersonServiceTest" time="0.011"/>
  <testcase name="getAllPersonAttributeTypes_shouldReturnAllPersonAttributeTypesIncludingRetiredWhenIncludeRetiredIsTrue" classname="org.openmrs.api.PersonServiceTest" time="0"/>
  <testcase name="getPersonAttribute_shouldReturnNullWhenGivenIdDoesNotExist" classname="org.openmrs.api.PersonServiceTest" time="0"/>
  <testcase name="getRelationships2_shouldFetchRelationshipsMatchingTheGivenFromPerson" classname="org.openmrs.api.PersonServiceTest" time="0"/>
  <testcase name="voidPerson_shouldReturnNullwhenGivenNull" classname="org.openmrs.api.PersonServiceTest" time="0"/>
  <testcase name="savePerson_shouldNotSetAVoidedNameOrAddressAsPreferred" classname="org.openmrs.api.PersonServiceTest" time="0.009"/>
  <testcase name="savePersonName_shouldFailIfYouTryToVoidTheLastNonVoidedName" classname="org.openmrs.api.PersonServiceTest" time="0.022"/>
  <testcase name="unvoidPersonName_shouldUnvoidVoidedPersonName" classname="org.openmrs.api.PersonServiceTest" time="0.011"/>
  <testcase name="getRelationships2_shouldFetchRelationshipsMatchingTheGivenToPerson" classname="org.openmrs.api.PersonServiceTest" time="0"/>
  <testcase name="savePersonMergeLog_shouldRequirePersonMergeLogData" classname="org.openmrs.api.PersonServiceTest" time="0"/>
  <testcase name="getRelationships_shouldFetchRelationshipsMatchingTheGivenToPerson" classname="org.openmrs.api.PersonServiceTest" time="0.011"/>
  <testcase name="getWinningPersonMergeLogs_shouldRetrievePersonMergeLogsByWinner" classname="org.openmrs.api.PersonServiceTest" time="0.011"/>
  <testcase name="getPerson_shouldReturnNullWhenPersonNull" classname="org.openmrs.api.PersonServiceTest" time="0"/>
  <testcase name="getPersonAttributeTypes_shouldReturnEmptyListWhenViewTypeListingAndPerson" classname="org.openmrs.api.PersonServiceTest" time="0.011"/>
  <testcase name="getPersonAttribute_shouldReturnPersonAttributeWhenGivenIdDoesExist" classname="org.openmrs.api.PersonServiceTest" time="0"/>
  <testcase name="purgeRelationshipType_shouldDeleteRelationshipTypeFromTheDatabase" classname="org.openmrs.api.PersonServiceTest" time="0"/>
  <testcase name="shouldRetirePersonAttributeType" classname="org.openmrs.api.PersonServiceTest" time="0.005"/>
  <testcase name="getPersonAttributeTypes_shouldReturnNothingWhenGlobalPropertyLargerNineExists" classname="org.openmrs.api.PersonServiceTest" time="0.011"/>
  <testcase name="saveRelationshipType_shouldUpdateExistingObjectWhenRelationshipTypeIdIsNotNull" classname="org.openmrs.api.PersonServiceTest" time="0"/>
  <testcase name="voidPerson_shouldReturnVoidedPersonWithGivenReason" classname="org.openmrs.api.PersonServiceTest" time="0.018"/>
  <testcase name="shouldFailToRetirePersonAttributeTypeIfGivenReasonIsEmpty" classname="org.openmrs.api.PersonServiceTest" time="0.011"/>
  <testcase name="saveRelationship_shouldCreateNewObjectWhenRelationshipIdIsNull" classname="org.openmrs.api.PersonServiceTest" time="0"/>
  <testcase name="getRelationship_shouldReturnRelationshipWithGivenId" classname="org.openmrs.api.PersonServiceTest" time="0"/>
  <testcase name="getAllRelationships_shouldReturnAllUnvoidedRelationships" classname="org.openmrs.api.PersonServiceTest" time="0.011"/>
  <testcase name="retireRelationshipType_shouldFailIfGivenReasonIsNull" classname="org.openmrs.api.PersonServiceTest" time="0"/>
  <testcase name="getPersonNameByUuid_shouldFindObjectGivenValidUuid" classname="org.openmrs.api.PersonServiceTest" time="0.014"/>
  <testcase name="savePersonAttributeType_shouldSetTheDateChangedAndChangedByOnUpdate" classname="org.openmrs.api.PersonServiceTest" time="0.005"/>
  <testcase name="savePersonAttributeType_shouldUpdateAnyGlobalPropertyWhichReferenceThisType" classname="org.openmrs.api.PersonServiceTest" time="0.019"/>
  <testcase name="getRelationshipTypes_shouldReturnEmptyListWhenNoRelationshipTypeMatchTheSearchString" classname="org.openmrs.api.PersonServiceTest" time="0"/>
  <testcase name="getRelationships3_shouldFetchRelationshipsMatchingTheGivenFromPerson" classname="org.openmrs.api.PersonServiceTest" time="0"/>
  <testcase name="getPersonMergeLogByUuid_shouldRetrievePersonMergeLogWithoutDeserializingData" classname="org.openmrs.api.PersonServiceTest" time="0.011"/>
  <testcase name="getRelationshipsByPerson_shouldOnlyGetUnvoidedRelationshipsRegardlessOfEffectiveDate" classname="org.openmrs.api.PersonServiceTest" time="0.025"/>
  <testcase name="parsePersonName_shouldParseFourPersonName" classname="org.openmrs.api.PersonServiceTest" time="0"/>
  <testcase name="getRelationshipsByPerson_shouldFetchRelationshipsAssociatedWithTheGivenPerson" classname="org.openmrs.api.PersonServiceTest" time="0"/>
  <testcase name="getSimilarPeople_shouldMatchSearchToFamilyName2" classname="org.openmrs.api.PersonServiceTest" time="0.025"/>
  <testcase name="getPersonAttributeTypes_shouldReturnPatientAttributesWhenViewTypeViewingAndPatient" classname="org.openmrs.api.PersonServiceTest" time="0"/>
  <testcase name="getRelationships_shouldFetchRelationshipsMatchingTheGivenFromPerson" classname="org.openmrs.api.PersonServiceTest" time="0"/>
  <testcase name="saveRelationshipType_shouldFailIfTheDescriptionIsNotSpecified" classname="org.openmrs.api.PersonServiceTest" time="0"/>
  <testcase name="getRelationships3_shouldReturnEmptyListWhenNoRelationshipMatchingGivenParametersExist" classname="org.openmrs.api.PersonServiceTest" time="0.011"/>
  <testcase name="getRelationshipTypes_shouldReturnListOfPreferredRelationshipTypeMatchingGivenName" classname="org.openmrs.api.PersonServiceTest" time="0"/>
  <testcase name="savePersonMergeLog_shouldSerializePersonMergeLogData" classname="org.openmrs.api.PersonServiceTest" time="0.011"/>
  <testcase name="voidRelationship_shouldVoidRelationshipAndSetVoidedByToGivenUserIfGivenRelationshipIsNotVoided" classname="org.openmrs.api.PersonServiceTest" time="0"/>
  <testcase name="getRelationshipsByPerson_shouldOnlyGetUnvoidedRelationships" classname="org.openmrs.api.PersonServiceTest" time="0.018"/>
  <testcase name="unvoidPerson_shouldNotUnretireUsers" classname="org.openmrs.api.PersonServiceTest" time="0.042"/>
  <testcase name="savePersonMergeLog_shouldSetDateCreatedIfNull" classname="org.openmrs.api.PersonServiceTest" time="0"/>
  <testcase name="getPersonAttributeTypes_shouldReturnEmptyListWithViewTypeListing" classname="org.openmrs.api.PersonServiceTest" time="0"/>
  <testcase name="getRelationships2_shouldReturnEmptyListWhenNoRelationshipMatchingGivenParametersExist" classname="org.openmrs.api.PersonServiceTest" time="0.011"/>
  <testcase name="unvoidRelationship_shouldUnvoidVoidedRelationship" classname="org.openmrs.api.PersonServiceTest" time="0"/>
  <testcase name="getPersonAttributeTypes_shouldReturnUserAttributesWhenViewTypeHeaderAndUser" classname="org.openmrs.api.PersonServiceTest" time="0.011"/>
  <testcase name="savePerson_shouldNotSetThePreferredNameAndAddressIfTheyAlreadyExist" classname="org.openmrs.api.PersonServiceTest" time="0"/>
  <testcase name="purgeRelationship_shouldDeleteRelationshipFromTheDatabase" classname="org.openmrs.api.PersonServiceTest" time="0"/>
  <testcase name="voidRelationship_shouldVoidRelationshipIfGivenRelationshipIsNotVoided" classname="org.openmrs.api.PersonServiceTest" time="0"/>
  <testcase name="getAllPersonAttributeTypes_shouldReturnAllPersonAttributeTypesIncludingRetired" classname="org.openmrs.api.PersonServiceTest" time="0.011"/>
  <testcase name="getAllPersonMergeLogs_shouldRetrieveAllPersonMergeLogsFromTheModel" classname="org.openmrs.api.PersonServiceTest" time="0"/>
  <testcase name="getRelationshipsByPerson_shouldFetchRelationshipsThatWereActiveDuringEffectiveDate" classname="org.openmrs.api.PersonServiceTest" time="0.029"/>
  <testcase name="getPersonAddressByUuid_shouldFindObjectGivenValidUuid" classname="org.openmrs.api.PersonServiceTest" time="0"/>
  <testcase name="shouldFailToRetirePersonAttributeTypeWhilePersonAttributeTypesAreLocked" classname="org.openmrs.api.PersonServiceTest" time="0"/>
  <testcase name="getPersonAttributeType_shouldReturnNullWhenNoPersonAttributeWithTheGivenIdExist" classname="org.openmrs.api.PersonServiceTest" time="0.011"/>
  <testcase name="saveRelationship_shouldUpdateExistingObjectWhenRelationshipIdIsNotNull" classname="org.openmrs.api.PersonServiceTest" time="0"/>
  <testcase name="getLosingPersonMergeLog_shouldFindPersonMergeLogByLoser" classname="org.openmrs.api.PersonServiceTest" time="0.011"/>
  <testcase name="getSimilarPeople_shouldMatchSingleSearchToAnyNamePart" classname="org.openmrs.api.PersonServiceTest" time="0.018"/>
  <testcase name="getPerson_shouldReturnNullWhenNoPersonHasTheGivenId" classname="org.openmrs.api.PersonServiceTest" time="0"/>
  <testcase name="savePersonMergeLog_shouldSavePersonMergeLog" classname="org.openmrs.api.PersonServiceTest" time="0"/>
  <testcase name="getPersonAttributeTypeByName_shouldReturnPersonAttributeTypeWhenNameMatchesGivenTypeName" classname="org.openmrs.api.PersonServiceTest" time="0.011"/>
  <testcase name="getPersonMergeLogByUuid_shouldRetrievePersonMergeLogAndDeserializeData" classname="org.openmrs.api.PersonServiceTest" time="0"/>
  <testcase name="getPersonAttributeTypes_shouldReturnUserAndPatientAttributesWhenViewTypeListiningAndPerson" classname="org.openmrs.api.PersonServiceTest" time="0.011"/>
  <testcase name="savePersonAttributeType_shouldSetTheDateCreatedAndCreatorOnNew" classname="org.openmrs.api.PersonServiceTest" time="0"/>
  <testcase name="voidPerson_shouldRetireUsers" classname="org.openmrs.api.PersonServiceTest" time="0.018"/>
  <testcase name="parsePersonName_shouldParseTwoPersonNameWithComma" classname="org.openmrs.api.PersonServiceTest" time="0"/>
  <testcase name="unvoidPersonAddress_shouldUnvoidVoidedpersonAddress" classname="org.openmrs.api.PersonServiceTest" time="0.007"/>
  <testcase name="getRelationships_shouldFetchRelationshipsMatchingTheGivenRelType" classname="org.openmrs.api.PersonServiceTest" time="0"/>
  <testcase name="getPersonByUuid_shouldFindObjectGivenValidUuid" classname="org.openmrs.api.PersonServiceTest" time="0.007"/>
  <testcase name="unretirePersonAttributeType_shouldThrowAnErrorWhenTryingToUnretirePersonAttributeTypeWhilePersonAttributeTypesAreLocked" classname="org.openmrs.api.PersonServiceTest" time="0"/>
  <testcase name="getRelationshipTypeByUuid_shouldReturnNullIfNoObjectFoundWithGivenUuid" classname="org.openmrs.api.PersonServiceTest" time="0.004"/>
  <testcase name="getRelationship_shouldReturnNullWhenRelationshipWithGivenIdDoesNotExist" classname="org.openmrs.api.PersonServiceTest" time="0.002"/>
  <testcase name="unretireRelationshipType_shouldRetireGivenRelationshipType" classname="org.openmrs.api.PersonServiceTest" time="0.003"/>
  <testcase name="getRelationshipByUuid_shouldFindObjectGivenValidUuid" classname="org.openmrs.api.PersonServiceTest" time="0.001"/>
  <testcase name="getPersonNameByUuid_shouldReturnNullIfNoObjectFoundWithGivenUuid" classname="org.openmrs.api.PersonServiceTest" time="0.002"/>
  <testcase name="voidPersonName_shouldVoidPersonNameWithTheGivenReason" classname="org.openmrs.api.PersonServiceTest" time="0.008"/>
  <testcase name="getRelationships2_shouldFetchRelationshipsThatWereActiveDuringEffectiveDate" classname="org.openmrs.api.PersonServiceTest" time="0.023"/>
  <testcase name="savePerson_shouldCreateNewObjectWhenPersonIdIsNull" classname="org.openmrs.api.PersonServiceTest" time="0"/>
  <testcase name="getRelationshipType_shouldReturnNullWhenNoRelationshipTypeMatchesGivenRelationshipTypeId" classname="org.openmrs.api.PersonServiceTest" time="0"/>
</testsuite>