<?xml version="1.0" encoding="UTF-8"?>
<testsuite name="org.openmrs.api.LocationServiceTest" time="0.999" tests="70" errors="0" skipped="0" failures="0">
  <properties>
    <property name="java.runtime.name" value="OpenJDK Runtime Environment"/>
    <property name="sun.boot.library.path" value="/usr/lib/jvm/java-1.8.0-openjdk-1.8.0.151-1.b12.el7_4.x86_64/jre/lib/amd64"/>
    <property name="java.vm.version" value="25.151-b12"/>
    <property name="java.vm.vendor" value="Oracle Corporation"/>
    <property name="java.vendor.url" value="http://java.oracle.com/"/>
    <property name="path.separator" value=":"/>
    <property name="guice.disable.misplaced.annotation.check" value="true"/>
    <property name="java.vm.name" value="OpenJDK 64-Bit Server VM"/>
    <property name="file.encoding.pkg" value="sun.io"/>
    <property name="user.country" value="US"/>
    <property name="sun.java.launcher" value="SUN_STANDARD"/>
    <property name="sun.os.patch.level" value="unknown"/>
    <property name="STARTS_EXCLUDES" value="[]"/>
    <property name="java.vm.specification.name" value="Java Virtual Machine Specification"/>
    <property name="user.dir" value="/home/hanfeil2/multi-project/openmrs-core"/>
    <property name="java.runtime.version" value="1.8.0_151-b12"/>
    <property name="java.awt.graphicsenv" value="sun.awt.X11GraphicsEnvironment"/>
    <property name="java.endorsed.dirs" value="/usr/lib/jvm/java-1.8.0-openjdk-1.8.0.151-1.b12.el7_4.x86_64/jre/lib/endorsed"/>
    <property name="os.arch" value="amd64"/>
    <property name="java.io.tmpdir" value="/tmp"/>
    <property name="line.separator" value="&#10;"/>
    <property name="java.vm.specification.vendor" value="Oracle Corporation"/>
    <property name="STARTS1098696485" value="STARTS-invoked"/>
    <property name="os.name" value="Linux"/>
    <property name="edu.illinois.starts.maven.AgentLoader Initialized" value=""/>
    <property name="classworlds.conf" value="/usr/share/maven/bin/m2.conf"/>
    <property name="sun.jnu.encoding" value="UTF-8"/>
    <property name="java.library.path" value="/usr/java/packages/lib/amd64:/usr/lib64:/lib64:/lib:/usr/lib"/>
    <property name="java.specification.name" value="Java Platform API Specification"/>
    <property name="java.class.version" value="52.0"/>
    <property name="sun.management.compiler" value="HotSpot 64-Bit Tiered Compilers"/>
    <property name="os.version" value="3.10.0-693.5.2.el7.x86_64"/>
    <property name="user.home" value="/home/hanfeil2"/>
    <property name="user.timezone" value="America/Chicago"/>
    <property name="java.awt.printerjob" value="sun.print.PSPrinterJob"/>
    <property name="java.specification.version" value="1.8"/>
    <property name="file.encoding" value="UTF-8"/>
    <property name="STARTS1331946439" value="STARTS-invoked"/>
    <property name="user.name" value="hanfeil2"/>
    <property name="java.class.path" value="/usr/share/maven/boot/plexus-classworlds.jar"/>
    <property name="java.vm.specification.version" value="1.8"/>
    <property name="sun.arch.data.model" value="64"/>
    <property name="java.home" value="/usr/lib/jvm/java-1.8.0-openjdk-1.8.0.151-1.b12.el7_4.x86_64/jre"/>
    <property name="sun.java.command" value="org.codehaus.plexus.classworlds.launcher.Launcher starts:starts -DstartsLogging=FINEST"/>
    <property name="java.specification.vendor" value="Oracle Corporation"/>
    <property name="user.language" value="en"/>
    <property name="awt.toolkit" value="sun.awt.X11.XToolkit"/>
    <property name="java.vm.info" value="mixed mode"/>
    <property name="java.version" value="1.8.0_151"/>
    <property name="java.ext.dirs" value="/usr/lib/jvm/java-1.8.0-openjdk-1.8.0.151-1.b12.el7_4.x86_64/jre/lib/ext:/usr/java/packages/lib/ext"/>
    <property name="sun.boot.class.path" value="/usr/lib/jvm/java-1.8.0-openjdk-1.8.0.151-1.b12.el7_4.x86_64/jre/lib/resources.jar:/usr/lib/jvm/java-1.8.0-openjdk-1.8.0.151-1.b12.el7_4.x86_64/jre/lib/rt.jar:/usr/lib/jvm/java-1.8.0-openjdk-1.8.0.151-1.b12.el7_4.x86_64/jre/lib/sunrsasign.jar:/usr/lib/jvm/java-1.8.0-openjdk-1.8.0.151-1.b12.el7_4.x86_64/jre/lib/jsse.jar:/usr/lib/jvm/java-1.8.0-openjdk-1.8.0.151-1.b12.el7_4.x86_64/jre/lib/jce.jar:/usr/lib/jvm/java-1.8.0-openjdk-1.8.0.151-1.b12.el7_4.x86_64/jre/lib/charsets.jar:/usr/lib/jvm/java-1.8.0-openjdk-1.8.0.151-1.b12.el7_4.x86_64/jre/lib/jfr.jar:/usr/lib/jvm/java-1.8.0-openjdk-1.8.0.151-1.b12.el7_4.x86_64/jre/classes"/>
    <property name="java.vendor" value="Oracle Corporation"/>
    <property name="maven.home" value="/usr/share/maven"/>
    <property name="file.separator" value="/"/>
    <property name="java.vendor.url.bug" value="http://bugreport.sun.com/bugreport/"/>
    <property name="sun.cpu.endian" value="little"/>
    <property name="sun.io.unicode.encoding" value="UnicodeLittle"/>
    <property name="[PROFILE] END-OF-RUN-MOJO: " value="1511713344662"/>
    <property name="sun.cpu.isalist" value=""/>
    <property name="startsLogging" value="FINEST"/>
  </properties>
  <testcase name="getLocationTagByUuid_shouldReturnNullIfNoObjectFoundWithGivenUuid" classname="org.openmrs.api.LocationServiceTest" time="0.012"/>
  <testcase name="getLocationAttributeByUuid_shouldGetTheLocationAttributeWithTheGivenUuid" classname="org.openmrs.api.LocationServiceTest" time="0.017"/>
  <testcase name="getLocationsByTag_shouldReturnEmptyListWhenNoLocationsHasTheGivenTag" classname="org.openmrs.api.LocationServiceTest" time="0.014"/>
  <testcase name="getLocationsByTag_shouldGetLocationsByTag" classname="org.openmrs.api.LocationServiceTest" time="0.022"/>
  <testcase name="purgeLocationAttributeType_shouldCompletelyRemoveALocationAttributeType" classname="org.openmrs.api.LocationServiceTest" time="0.022"/>
  <testcase name="getLocation_shouldReturnNullWhenNoLocationMatchGivenLocationName" classname="org.openmrs.api.LocationServiceTest" time="0.012"/>
  <testcase name="saveLocation_shouldSetAuditInfoIfAnyItemInTheLocationIsEdited" classname="org.openmrs.api.LocationServiceTest" time="0.013"/>
  <testcase name="getAllLocationTags_shouldReturnAllLocationTagsIfIncludeRetiredIsTrue" classname="org.openmrs.api.LocationServiceTest" time="0.011"/>
  <testcase name="retireLocationTag_shouldRetireLocationTagWithGivenReason" classname="org.openmrs.api.LocationServiceTest" time="0.018"/>
  <testcase name="getAllLocations_shouldReturnOnlyUnretiredLocationsWhenIncludeRetiresIsFalse" classname="org.openmrs.api.LocationServiceTest" time="0.011"/>
  <testcase name="saveLocationTag_shouldThrowAPIExceptionIfTagHasNoName" classname="org.openmrs.api.LocationServiceTest" time="0.011"/>
  <testcase name="saveLocationAttributeType_shouldEditAnExistingLocationAttributeType" classname="org.openmrs.api.LocationServiceTest" time="0.03"/>
  <testcase name="getLocationsHavingAllTags_shouldReturnAllUnretiredLocationsGivenAnEmptyTagList" classname="org.openmrs.api.LocationServiceTest" time="0.037"/>
  <testcase name="purgeLocationTag_shouldDeleteLocationTag" classname="org.openmrs.api.LocationServiceTest" time="0.012"/>
  <testcase name="saveLocationTag_shouldUpdateLocationTagSuccessfully" classname="org.openmrs.api.LocationServiceTest" time="0.011"/>
  <testcase name="saveLocation_shouldReturnSavedObject" classname="org.openmrs.api.LocationServiceTest" time="0.018"/>
  <testcase name="saveLocation_shouldOverwriteTransientTagIfTagWithSameNameExists" classname="org.openmrs.api.LocationServiceTest" time="0.022"/>
  <testcase name="saveLocation_shouldCreateLocationSuccessfully" classname="org.openmrs.api.LocationServiceTest" time="0.026"/>
  <testcase name="saveLocationAttributeType_shouldCreateANewLocationAttributeType" classname="org.openmrs.api.LocationServiceTest" time="0.018"/>
  <testcase name="retireLocation_shouldRetireLocationSuccessfully" classname="org.openmrs.api.LocationServiceTest" time="0.012"/>
  <testcase name="getLocationByUuid_shouldReturnNullIfNoObjectFoundWithGivenUuid" classname="org.openmrs.api.LocationServiceTest" time="0.008"/>
  <testcase name="getLocationTagByUuid_shouldFindObjectGivenValidUuid" classname="org.openmrs.api.LocationServiceTest" time="0.011"/>
  <testcase name="getLocationAttributeTypeByName_shouldReturnNullIfNoLocationAttributeTypeExistsWithTheSpecifiedName" classname="org.openmrs.api.LocationServiceTest" time="0.018"/>
  <testcase name="saveLocation_shouldCascadeSaveToChildLocationFromLocation" classname="org.openmrs.api.LocationServiceTest" time="0.018"/>
  <testcase name="saveLocationTag_shouldSetAuditInfoIfAnyItemInTheLocationTagIsEdited" classname="org.openmrs.api.LocationServiceTest" time="0.018"/>
  <testcase name="unretireLocationAttributeType_shouldUnretireARetiredLocationAttributeType" classname="org.openmrs.api.LocationServiceTest" time="0.025"/>
  <testcase name="getAllLocations_shouldPushRetiredLocationsToTheEndOfTheListWhenIncludeRetiredIsTrue" classname="org.openmrs.api.LocationServiceTest" time="0.011"/>
  <testcase name="getLocationAttributeType_shouldReturnTheLocationAttributeTypeWithTheGivenId" classname="org.openmrs.api.LocationServiceTest" time="0.018"/>
  <testcase name="saveLocation_shouldUpdateLocationSuccessfully" classname="org.openmrs.api.LocationServiceTest" time="0.066"/>
  <testcase name="getRootLocations_shouldReturnRootLocationsIncludingRetired" classname="org.openmrs.api.LocationServiceTest" time="0.011"/>
  <testcase name="saveLocationTag_shouldCreateLocationTagSuccessfully" classname="org.openmrs.api.LocationServiceTest" time="0.01"/>
  <testcase name="getAllLocationTags_shouldReturnAllLocationTagsIncludingRetired" classname="org.openmrs.api.LocationServiceTest" time="0.01"/>
  <testcase name="getLocationAttributeByUuid_shouldReturnNullIfNoLocationAttributeHasTheGivenUuid" classname="org.openmrs.api.LocationServiceTest" time="0.017"/>
  <testcase name="saveLocation_shouldAddLocationTagToLocation" classname="org.openmrs.api.LocationServiceTest" time="0.01"/>
  <testcase name="getAllLocationTags_shouldReturnOnlyUnretiredLocationTagsIfIncludeRetiredIsFalse" classname="org.openmrs.api.LocationServiceTest" time="0.013"/>
  <testcase name="getLocations_shouldGetLocationsHavingAllMatchingAttributeValues" classname="org.openmrs.api.LocationServiceTest" time="0.032"/>
  <testcase name="purgeLocation_shouldDeleteLocationSuccessfully" classname="org.openmrs.api.LocationServiceTest" time="0.018"/>
  <testcase name="getLocationTagByName_shouldGetLocationTagByName" classname="org.openmrs.api.LocationServiceTest" time="0.006"/>
  <testcase name="unretireLocationTag_shouldUnretireRetiredLocationTag" classname="org.openmrs.api.LocationServiceTest" time="0.026"/>
  <testcase name="retireLocation_shouldNotRetireIndependentField" classname="org.openmrs.api.LocationServiceTest" time="0.002"/>
  <testcase name="saveLocation_shouldRemoveChildLocationFromLocation" classname="org.openmrs.api.LocationServiceTest" time="0.019"/>
  <testcase name="getLocation_shouldReturnNullWhenNoLocationMatchGivenLocationId" classname="org.openmrs.api.LocationServiceTest" time="0"/>
  <testcase name="getLocationByUuid_shouldFindObjectGivenValidUuid" classname="org.openmrs.api.LocationServiceTest" time="0"/>
  <testcase name="getLocationsHavingAnyTag_shouldGetLocationsHavingAnyTag" classname="org.openmrs.api.LocationServiceTest" time="0.007"/>
  <testcase name="getAllLocationAttributeTypes_shouldReturnAllLocationAttributeTypesIncludingRetiredOnes" classname="org.openmrs.api.LocationServiceTest" time="0.023"/>
  <testcase name="getLocationsHavingAnyTag_shouldReturnEmptyListWhenGivenAnEmptyTagList" classname="org.openmrs.api.LocationServiceTest" time="0.019"/>
  <testcase name="getRootLocations_shouldReturnOnlyUnretiredRootLocations" classname="org.openmrs.api.LocationServiceTest" time="0"/>
  <testcase name="unretireLocation_shouldUnretireRetiredLocation" classname="org.openmrs.api.LocationServiceTest" time="0.011"/>
  <testcase name="getAllLocations_shouldReturnAllLocationsWhenIncludeRetiredIsTrue" classname="org.openmrs.api.LocationServiceTest" time="0.011"/>
  <testcase name="getLocationsHavingAllTags_shouldGetLocationsHavingAllTags" classname="org.openmrs.api.LocationServiceTest" time="0.008"/>
  <testcase name="getLocationAttributeTypeByName_shouldReturnTheLocationAttributeTypeWithTheSpecifiedName" classname="org.openmrs.api.LocationServiceTest" time="0.008"/>
  <testcase name="getLocationTagByName_shouldReturnNullWhenNoLocationTagMatchGivenName" classname="org.openmrs.api.LocationServiceTest" time="0.01"/>
  <testcase name="getLocationAttributeTypeByUuid_shouldReturnNullIfNoLocationAttributeTypeExistsWithTheGivenUuid" classname="org.openmrs.api.LocationServiceTest" time="0.011"/>
  <testcase name="getDefaultLocation_shouldReturnUnknownLocationIfTheGlobalPropertyIsSomethingElseThatDoesnotExist" classname="org.openmrs.api.LocationServiceTest" time="0.017"/>
  <testcase name="getAllLocations_shouldReturnAllLocationsIncludingRetired" classname="org.openmrs.api.LocationServiceTest" time="0.003"/>
  <testcase name="retireLocationTag_shouldRetireLocationTagSuccessfully" classname="org.openmrs.api.LocationServiceTest" time="0.002"/>
  <testcase name="saveLocationTag_shouldReturnSavedObject" classname="org.openmrs.api.LocationServiceTest" time="0.011"/>
  <testcase name="getLocations_shouldReturnEmptyListWhenNoLocationMatchTheNameFragment" classname="org.openmrs.api.LocationServiceTest" time="0.011"/>
  <testcase name="getLocationAttributeTypeByUuid_shouldReturnTheLocationAttributeTypeWithTheGivenUuid" classname="org.openmrs.api.LocationServiceTest" time="0.003"/>
  <testcase name="saveLocation_shouldThrowAPIExceptionIfTransientTagIsNotFound" classname="org.openmrs.api.LocationServiceTest" time="0.018"/>
  <testcase name="getLocationTags_shouldReturnEmptyListWhenNoLocationTagMatchGivenSearchString" classname="org.openmrs.api.LocationServiceTest" time="0.004"/>
  <testcase name="getLocations_shouldNotFindAnyLocationsIfNoneHaveGivenAttributeValues" classname="org.openmrs.api.LocationServiceTest" time="0.021"/>
  <testcase name="saveLocation_shouldThrowAPIExceptionIfLocationHasNoName" classname="org.openmrs.api.LocationServiceTest" time="0.001"/>
  <testcase name="saveLocationTag_shouldThrowExceptionIfTagNameIsNull" classname="org.openmrs.api.LocationServiceTest" time="0.011"/>
  <testcase name="getLocationAttributeType_shouldReturnNullIfNoLocationAttributeTypeExistsWithTheGivenId" classname="org.openmrs.api.LocationServiceTest" time="0.011"/>
  <testcase name="retireLocationAttributeType_shouldRetireALocationAttributeType" classname="org.openmrs.api.LocationServiceTest" time="0.011"/>
  <testcase name="getLocationsHavingAnyTag_shouldReturnEmptyListWhenNoLocationHasTheGivenTags" classname="org.openmrs.api.LocationServiceTest" time="0.018"/>
  <testcase name="saveLocation_shouldRemoveLocationTagFromLocation" classname="org.openmrs.api.LocationServiceTest" time="0.011"/>
  <testcase name="getLocationTag_shouldReturnNullWhenNoLocationTagMatchGivenId" classname="org.openmrs.api.LocationServiceTest" time="0.011"/>
  <testcase name="getDefaultLocation_shouldReturnDefaultLocationForTheImplementation" classname="org.openmrs.api.LocationServiceTest" time="0.011"/>
</testsuite>